2024-08-24 18:29:44,960 - logger - INFO - Nome do Tópico Event Hub: teste
2024-08-24 18:29:45,100 - azure.core.pipeline.policies.http_logging_policy - INFO - Request URL: 'https://login.microsoftonline.com/feacc2ad-e79f-4487-a551-40533842f77b/v2.0/.well-known/openid-configuration'
Request method: 'GET'
Request headers:
    'User-Agent': 'azsdk-python-identity/1.17.1 Python/3.10.5 (Windows-10-10.0.19045-SP0)'
No body was attached to the request
2024-08-24 18:29:45,448 - azure.core.pipeline.policies.http_logging_policy - INFO - Response status: 200
Response headers:
    'Cache-Control': 'max-age=86400, private'
    'Content-Type': 'application/json; charset=utf-8'
    'Strict-Transport-Security': 'REDACTED'
    'X-Content-Type-Options': 'REDACTED'
    'Access-Control-Allow-Origin': 'REDACTED'
    'Access-Control-Allow-Methods': 'REDACTED'
    'P3P': 'REDACTED'
    'x-ms-request-id': '49623b32-d837-4ae6-8aa8-e4016340f201'
    'x-ms-ests-server': 'REDACTED'
    'x-ms-srs': 'REDACTED'
    'X-XSS-Protection': 'REDACTED'
    'Set-Cookie': 'REDACTED'
    'Date': 'Sat, 24 Aug 2024 21:33:08 GMT'
    'Content-Length': '1753'
2024-08-24 18:29:45,459 - azure.core.pipeline.policies.http_logging_policy - INFO - Request URL: 'https://login.microsoftonline.com/feacc2ad-e79f-4487-a551-40533842f77b/oauth2/v2.0/token'
Request method: 'POST'
Request headers:
    'Accept': 'application/json'
    'x-client-sku': 'REDACTED'
    'x-client-ver': 'REDACTED'
    'x-client-os': 'REDACTED'
    'x-ms-lib-capability': 'REDACTED'
    'client-request-id': 'REDACTED'
    'x-client-current-telemetry': 'REDACTED'
    'x-client-last-telemetry': 'REDACTED'
    'User-Agent': 'azsdk-python-identity/1.17.1 Python/3.10.5 (Windows-10-10.0.19045-SP0)'
A body is sent with the request
2024-08-24 18:29:45,675 - azure.core.pipeline.policies.http_logging_policy - INFO - Response status: 200
Response headers:
    'Cache-Control': 'no-store, no-cache'
    'Pragma': 'no-cache'
    'Content-Type': 'application/json; charset=utf-8'
    'Expires': '-1'
    'Strict-Transport-Security': 'REDACTED'
    'X-Content-Type-Options': 'REDACTED'
    'P3P': 'REDACTED'
    'client-request-id': 'REDACTED'
    'x-ms-request-id': 'c6ebec87-ffb6-4f01-a2f9-9a37ec738f01'
    'x-ms-ests-server': 'REDACTED'
    'x-ms-clitelem': 'REDACTED'
    'x-ms-srs': 'REDACTED'
    'X-XSS-Protection': 'REDACTED'
    'Set-Cookie': 'REDACTED'
    'Date': 'Sat, 24 Aug 2024 21:33:08 GMT'
    'Content-Length': '1460'
2024-08-24 18:29:45,678 - azure.identity._internal.get_token_mixin - INFO - ClientSecretCredential.get_token succeeded
2024-08-24 18:29:45,678 - azure.core.pipeline.policies.http_logging_policy - INFO - Request URL: 'https://management.azure.com/subscriptions/8a66b4be-4d16-49bb-9c92-7610ca4ac552/resourceGroups/rsgstrifedtm/providers/Microsoft.EventHub/namespaces/ethstrifedtm/eventhubs/teste?api-version=REDACTED'
Request method: 'PUT'
Request headers:
    'Content-Type': 'application/json'
    'Content-Length': '600'
    'Accept': 'application/json'
    'x-ms-client-request-id': 'fb66c2b8-625f-11ef-bca6-a85e451e465a'
    'User-Agent': 'azsdk-python-azure-mgmt-eventhub/11.0.0 Python/3.10.5 (Windows-10-10.0.19045-SP0)'
    'Authorization': 'REDACTED'
A body is sent with the request
2024-08-24 18:29:55,873 - azure.core.pipeline.policies.http_logging_policy - INFO - Response status: 200
Response headers:
    'Cache-Control': 'no-cache'
    'Pragma': 'no-cache'
    'Content-Length': '923'
    'Content-Type': 'application/json; charset=utf-8'
    'Expires': '-1'
    'x-ms-correlation-request-id': 'REDACTED'
    'x-ms-client-request-id': 'fb66c2b8-625f-11ef-bca6-a85e451e465a_RP'
    'x-ms-messaging-activity-id': 'REDACTED'
    'x-ms-messaging-routing-id': 'REDACTED'
    'Strict-Transport-Security': 'REDACTED'
    'x-ms-ratelimit-remaining-subscription-writes': '199'
    'x-ms-ratelimit-remaining-subscription-global-writes': 'REDACTED'
    'x-ms-request-id': '774ad753-52c5-4a8a-8534-3fb6071c2b0f'
    'x-ms-routing-request-id': 'REDACTED'
    'X-Content-Type-Options': 'REDACTED'
    'X-Cache': 'REDACTED'
    'X-MSEdge-Ref': 'REDACTED'
    'Date': 'Sat, 24 Aug 2024 21:33:18 GMT'
2024-08-24 18:29:55,889 - azure.core.pipeline.policies.http_logging_policy - INFO - Request URL: 'https://management.azure.com/subscriptions/8a66b4be-4d16-49bb-9c92-7610ca4ac552/resourceGroups/rsgstrifedtm/providers/Microsoft.EventHub/namespaces/ethstrifedtm/eventhubs/teste?api-version=REDACTED'
Request method: 'GET'
Request headers:
    'Accept': 'application/json'
    'x-ms-client-request-id': '01d4f70d-6260-11ef-99e5-a85e451e465a'
    'User-Agent': 'azsdk-python-azure-mgmt-eventhub/11.0.0 Python/3.10.5 (Windows-10-10.0.19045-SP0)'
    'Authorization': 'REDACTED'
No body was attached to the request
2024-08-24 18:29:56,090 - azure.core.pipeline.policies.http_logging_policy - INFO - Response status: 200
Response headers:
    'Cache-Control': 'no-cache'
    'Pragma': 'no-cache'
    'Content-Length': '921'
    'Content-Type': 'application/json; charset=utf-8'
    'Expires': '-1'
    'x-ms-correlation-request-id': 'REDACTED'
    'x-ms-client-request-id': '01d4f70d-6260-11ef-99e5-a85e451e465a_RP'
    'x-ms-messaging-activity-id': 'REDACTED'
    'x-ms-messaging-routing-id': 'REDACTED'
    'Strict-Transport-Security': 'REDACTED'
    'x-ms-ratelimit-remaining-subscription-reads': '249'
    'x-ms-ratelimit-remaining-subscription-global-reads': 'REDACTED'
    'x-ms-request-id': '80e52a44-7bde-407a-9335-da3c5ced417b'
    'x-ms-routing-request-id': 'REDACTED'
    'X-Content-Type-Options': 'REDACTED'
    'X-Cache': 'REDACTED'
    'X-MSEdge-Ref': 'REDACTED'
    'Date': 'Sat, 24 Aug 2024 21:33:18 GMT'
2024-08-24 18:59:47,465 - logger - ERROR - Erro ao processar ingestão: create_job() takes 0 positional arguments but 1 was given
2024-08-24 19:00:41,012 - logger - ERROR - Erro ao processar ingestão: create_job() takes 0 positional arguments but 1 was given
2024-08-24 19:01:15,803 - logger - ERROR - Erro ao processar ingestão: create_job() takes 0 positional arguments but 1 was given
